0 info it worked if it ends with ok
1 verbose cli [ 'node', '/usr/local/bin/npm', 'install', 'ssendgrid' ]
2 info using npm@1.4.28
3 info using node@v0.10.33
4 warn package.json mtg-node@1.0.0 No README data
5 verbose readDependencies using package.json deps
6 verbose cache add [ 'ssendgrid', null ]
7 verbose cache add name=undefined spec="ssendgrid" args=["ssendgrid",null]
8 verbose parsed url { protocol: null,
8 verbose parsed url   slashes: null,
8 verbose parsed url   auth: null,
8 verbose parsed url   host: null,
8 verbose parsed url   port: null,
8 verbose parsed url   hostname: null,
8 verbose parsed url   hash: null,
8 verbose parsed url   search: null,
8 verbose parsed url   query: null,
8 verbose parsed url   pathname: 'ssendgrid',
8 verbose parsed url   path: 'ssendgrid',
8 verbose parsed url   href: 'ssendgrid' }
9 silly lockFile d7daa263-ssendgrid ssendgrid
10 verbose lock ssendgrid /Users/jakobhartman/.npm/d7daa263-ssendgrid.lock
11 silly lockFile d7daa263-ssendgrid ssendgrid
12 silly lockFile d7daa263-ssendgrid ssendgrid
13 verbose addNamed [ 'ssendgrid', '' ]
14 verbose addNamed [ null, '*' ]
15 silly lockFile fe254375-ssendgrid ssendgrid@
16 verbose lock ssendgrid@ /Users/jakobhartman/.npm/fe254375-ssendgrid.lock
17 silly addNameRange { name: 'ssendgrid', range: '*', hasData: false }
18 verbose request where is /ssendgrid
19 verbose request registry https://registry.npmjs.org/
20 verbose request id 01bac7679f83968f
21 verbose url raw /ssendgrid
22 verbose url resolving [ 'https://registry.npmjs.org/', './ssendgrid' ]
23 verbose url resolved https://registry.npmjs.org/ssendgrid
24 verbose request where is https://registry.npmjs.org/ssendgrid
25 info trying registry request attempt 1 at 15:53:53
26 http GET https://registry.npmjs.org/ssendgrid
27 http 404 https://registry.npmjs.org/ssendgrid
28 verbose headers { server: 'CouchDB/1.5.0 (Erlang OTP/R16B03)',
28 verbose headers   'content-type': 'application/json',
28 verbose headers   'cache-control': 'max-age=0',
28 verbose headers   'content-length': '51',
28 verbose headers   'accept-ranges': 'bytes',
28 verbose headers   date: 'Sun, 02 Aug 2015 20:53:53 GMT',
28 verbose headers   via: '1.1 varnish',
28 verbose headers   age: '0',
28 verbose headers   connection: 'keep-alive',
28 verbose headers   'x-served-by': 'cache-dfw1823-DFW',
28 verbose headers   'x-cache': 'MISS',
28 verbose headers   'x-cache-hits': '0',
28 verbose headers   'x-timer': 'S1438548833.777904,VS0,VE193' }
29 silly registry.get cb [ 404,
29 silly registry.get   { server: 'CouchDB/1.5.0 (Erlang OTP/R16B03)',
29 silly registry.get     'content-type': 'application/json',
29 silly registry.get     'cache-control': 'max-age=0',
29 silly registry.get     'content-length': '51',
29 silly registry.get     'accept-ranges': 'bytes',
29 silly registry.get     date: 'Sun, 02 Aug 2015 20:53:53 GMT',
29 silly registry.get     via: '1.1 varnish',
29 silly registry.get     age: '0',
29 silly registry.get     connection: 'keep-alive',
29 silly registry.get     'x-served-by': 'cache-dfw1823-DFW',
29 silly registry.get     'x-cache': 'MISS',
29 silly registry.get     'x-cache-hits': '0',
29 silly registry.get     'x-timer': 'S1438548833.777904,VS0,VE193' } ]
30 silly lockFile fe254375-ssendgrid ssendgrid@
31 silly lockFile fe254375-ssendgrid ssendgrid@
32 error 404 404 Not Found: ssendgrid
32 error 404
32 error 404 'ssendgrid' is not in the npm registry.
32 error 404 You should bug the author to publish it
32 error 404 It was specified as a dependency of 'mtg-node'
32 error 404
32 error 404 Note that you can also install from a
32 error 404 tarball, folder, or http url, or git url.
33 error System Darwin 14.5.0
34 error command "node" "/usr/local/bin/npm" "install" "ssendgrid"
35 error cwd /Users/jakobhartman/Desktop/mtg-node
36 error node -v v0.10.33
37 error npm -v 1.4.28
38 error code E404
39 verbose exit [ 1, true ]
